[debug] [2023-02-21T16:33:05.213Z] ----------------------------------------------------------------------
[debug] [2023-02-21T16:33:05.214Z] Command:       C:\Program Files\nodejs\node.exe C:\Users\ApoorvaSapra\AppData\Roaming\npm\node_modules\firebase-tools\lib\bin\firebase.js init
[debug] [2023-02-21T16:33:05.215Z] CLI Version:   11.23.1
[debug] [2023-02-21T16:33:05.215Z] Platform:      win32
[debug] [2023-02-21T16:33:05.215Z] Node Version:  v16.18.0
[debug] [2023-02-21T16:33:05.216Z] Time:          Wed Feb 22 2023 03:33:05 GMT+1100 (Australian Eastern Daylight Time)
[debug] [2023-02-21T16:33:05.216Z] ----------------------------------------------------------------------
[debug] 
[debug] [2023-02-21T16:33:05.222Z] > command requires scopes: ["email","openid","https://www.googleapis.com/auth/cloudplatformprojects.readonly","https://www.googleapis.com/auth/firebase","https://www.googleapis.com/auth/cloud-platform"]
[debug] [2023-02-21T16:33:05.223Z] > authorizing via signed-in user (sapra.apoorva@gmail.com)
[info] 
     ######## #### ########  ######## ########     ###     ######  ########
     ##        ##  ##     ## ##       ##     ##  ##   ##  ##       ##
     ######    ##  ########  ######   ########  #########  ######  ######
     ##        ##  ##    ##  ##       ##     ## ##     ##       ## ##
     ##       #### ##     ## ######## ########  ##     ##  ######  ########

You're about to initialize a Firebase project in this directory:

  C:\Users\ApoorvaSapra\OneDrive - Decision Inc\Desktop\New folder\SmartSource

[info] 
=== Project Setup
[info] 
[info] First, let's associate this project directory with a Firebase project.
[info] You can create multiple project aliases by running firebase use --add, 
[info] but for now we'll just set up a default project.
[info] 
[debug] [2023-02-21T16:34:08.325Z] >>> [apiv2][query] GET https://firebase.googleapis.com/v1beta1/projects pageSize=100
[debug] [2023-02-21T16:34:09.472Z] <<< [apiv2][status] GET https://firebase.googleapis.com/v1beta1/projects 200
[debug] [2023-02-21T16:34:09.472Z] <<< [apiv2][body] GET https://firebase.googleapis.com/v1beta1/projects [omitted]
[info] i  Using project sourcign-database (sourcign) 
[info] 
=== Hosting Setup
[info] 
[info] Your public directory is the folder (relative to your project directory) that
[info] will contain Hosting assets to be uploaded with firebase deploy. If you
[info] have a build process for your assets, use your build's output directory.
[info] 
[debug] [2023-02-21T23:35:14.959Z] ----------------------------------------------------------------------
[debug] [2023-02-21T23:35:14.961Z] Command:       C:\Program Files\nodejs\node.exe C:\Users\ApoorvaSapra\AppData\Roaming\npm\node_modules\firebase-tools\lib\bin\firebase.js init
[debug] [2023-02-21T23:35:14.961Z] CLI Version:   11.23.1
[debug] [2023-02-21T23:35:14.961Z] Platform:      win32
[debug] [2023-02-21T23:35:14.962Z] Node Version:  v16.18.0
[debug] [2023-02-21T23:35:14.962Z] Time:          Wed Feb 22 2023 10:35:14 GMT+1100 (Australian Eastern Daylight Time)
[debug] [2023-02-21T23:35:14.963Z] ----------------------------------------------------------------------
[debug] 
[debug] [2023-02-21T23:35:14.970Z] > command requires scopes: ["email","openid","https://www.googleapis.com/auth/cloudplatformprojects.readonly","https://www.googleapis.com/auth/firebase","https://www.googleapis.com/auth/cloud-platform"]
[debug] [2023-02-21T23:35:14.971Z] > authorizing via signed-in user (sapra.apoorva@gmail.com)
[info] 
     ######## #### ########  ######## ########     ###     ######  ########
     ##        ##  ##     ## ##       ##     ##  ##   ##  ##       ##
     ######    ##  ########  ######   ########  #########  ######  ######
     ##        ##  ##    ##  ##       ##     ## ##     ##       ## ##
     ##       #### ##     ## ######## ########  ##     ##  ######  ########

You're about to initialize a Firebase project in this directory:

  C:\Users\ApoorvaSapra\OneDrive - Decision Inc\Desktop\New folder\SmartSource

[info] 
=== Project Setup
[info] 
[info] First, let's associate this project directory with a Firebase project.
[info] You can create multiple project aliases by running firebase use --add, 
[info] but for now we'll just set up a default project.
[info] 
[debug] [2023-02-21T23:35:54.442Z] > refreshing access token with scopes: []
[debug] [2023-02-21T23:35:54.448Z] >>> [apiv2][query] POST https://www.googleapis.com/oauth2/v3/token [none]
[debug] [2023-02-21T23:35:54.449Z] >>> [apiv2][body] POST https://www.googleapis.com/oauth2/v3/token [omitted]
[debug] [2023-02-21T23:35:55.467Z] <<< [apiv2][status] POST https://www.googleapis.com/oauth2/v3/token 200
[debug] [2023-02-21T23:35:55.468Z] <<< [apiv2][body] POST https://www.googleapis.com/oauth2/v3/token [omitted]
[debug] [2023-02-21T23:35:55.492Z] >>> [apiv2][query] GET https://firebase.googleapis.com/v1beta1/projects pageSize=100
[debug] [2023-02-21T23:35:56.681Z] <<< [apiv2][status] GET https://firebase.googleapis.com/v1beta1/projects 200
[debug] [2023-02-21T23:35:56.682Z] <<< [apiv2][body] GET https://firebase.googleapis.com/v1beta1/projects [omitted]
[info] i  Using project sourcign-database (sourcign) 
[info] 
=== Hosting Setup
[info] 
[info] Your public directory is the folder (relative to your project directory) that
[info] will contain Hosting assets to be uploaded with firebase deploy. If you
[info] have a build process for your assets, use your build's output directory.
[info] 
[debug] [2023-02-21T23:39:19.162Z] >>> [apiv2][query] GET https://www.gstatic.com/firebasejs/releases.json [none]
[debug] [2023-02-21T23:39:20.040Z] <<< [apiv2][status] GET https://www.gstatic.com/firebasejs/releases.json 200
[debug] [2023-02-21T23:39:20.041Z] <<< [apiv2][body] GET https://www.gstatic.com/firebasejs/releases.json {"current":{"version":"9.17.1","browserURL":"https://www.gstatic.com/firebasejs/9.17.1/firebase.js","packageURL":"https://www.gstatic.com/firebasejs/9.17.1/firebase.tgz"},"live":{"version":"9.17","browserURL":"https://www.gstatic.com/firebasejs/live/9.17/firebase.js","packageURL":"https://www.gstatic.com/firebasejs/live/9.17/firebase.tgz"},"components":{"analytics":"https://www.gstatic.com/firebasejs/9.17.1/firebase-analytics.js","app":"https://www.gstatic.com/firebasejs/9.17.1/firebase-app.js","app-check":"https://www.gstatic.com/firebasejs/9.17.1/firebase-app-check.js","auth":"https://www.gstatic.com/firebasejs/9.17.1/firebase-auth.js","auth/cordova":"https://www.gstatic.com/firebasejs/9.17.1/firebase-auth/cordova.js","auth/react-native":"https://www.gstatic.com/firebasejs/9.17.1/firebase-auth/react-native.js","functions":"https://www.gstatic.com/firebasejs/9.17.1/firebase-functions.js","firestore":"https://www.gstatic.com/firebasejs/9.17.1/firebase-firestore.js","firestore/lite":"https://www.gstatic.com/firebasejs/9.17.1/firebase-firestore/lite.js","installations":"https://www.gstatic.com/firebasejs/9.17.1/firebase-installations.js","storage":"https://www.gstatic.com/firebasejs/9.17.1/firebase-storage.js","performance":"https://www.gstatic.com/firebasejs/9.17.1/firebase-performance.js","remote-config":"https://www.gstatic.com/firebasejs/9.17.1/firebase-remote-config.js","messaging":"https://www.gstatic.com/firebasejs/9.17.1/firebase-messaging.js","messaging/sw":"https://www.gstatic.com/firebasejs/9.17.1/firebase-messaging/sw.js","database":"https://www.gstatic.com/firebasejs/9.17.1/firebase-database.js","firestore.memory":"https://www.gstatic.com/firebasejs/9.17.1/firebase-firestore.memory.js"}}
[info] +  Wrote public/index.html 
[info] 
[info] i  Detected a .git folder at C:\Users\ApoorvaSapra\OneDrive - Decision Inc\Desktop\New folder\SmartSource 
[info] i  Authorizing with GitHub to upload your service account to a GitHub repository's secrets store. 
[info] 
[info] Visit this URL on this device to log in:
[info] https://github.com/login/oauth/authorize?client_id=89cf50f02ac6aaed3484&state=30950410&redirect_uri=http%3A%2F%2Flocalhost%3A9005&scope=read%3Auser%20repo%20public_repo
[info] 
[info] Waiting for authentication...
[debug] [2023-02-21T23:39:41.941Z] >>> [apiv2][query] POST https://github.com/login/oauth/access_token [none]
[debug] [2023-02-21T23:39:41.941Z] >>> [apiv2][body] POST https://github.com/login/oauth/access_token [stream]
[debug] [2023-02-21T23:39:42.469Z] <<< [apiv2][status] POST https://github.com/login/oauth/access_token 200
[debug] [2023-02-21T23:39:42.469Z] <<< [apiv2][body] POST https://github.com/login/oauth/access_token {"access_token":"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","token_type":"bearer","scope":"read:user,repo"}
[debug] [2023-02-21T23:39:42.482Z] >>> [apiv2][query] GET https://api.github.com/user [none]
[debug] [2023-02-21T23:39:42.867Z] <<< [apiv2][status] GET https://api.github.com/user 200
[debug] [2023-02-21T23:39:42.867Z] <<< [apiv2][body] GET https://api.github.com/user {"login":"apoorva-sapra","id":22515627,"node_id":"MDQ6VXNlcjIyNTE1NjI3","avatar_url":"https://avatars.githubusercontent.com/u/22515627?v=4","gravatar_id":"","url":"https://api.github.com/users/apoorva-sapra","html_url":"https://github.com/apoorva-sapra","followers_url":"https://api.github.com/users/apoorva-sapra/followers","following_url":"https://api.github.com/users/apoorva-sapra/following{/other_user}","gists_url":"https://api.github.com/users/apoorva-sapra/gists{/gist_id}","starred_url":"https://api.github.com/users/apoorva-sapra/starred{/owner}{/repo}","subscriptions_url":"https://api.github.com/users/apoorva-sapra/subscriptions","organizations_url":"https://api.github.com/users/apoorva-sapra/orgs","repos_url":"https://api.github.com/users/apoorva-sapra/repos","events_url":"https://api.github.com/users/apoorva-sapra/events{/privacy}","received_events_url":"https://api.github.com/users/apoorva-sapra/received_events","type":"User","site_admin":false,"name":"apoorva sapra","company":null,"blog":"","location":null,"email":null,"hireable":null,"bio":null,"twitter_username":null,"public_repos":17,"public_gists":0,"followers":1,"following":0,"created_at":"2016-09-29T06:42:09Z","updated_at":"2023-02-08T09:06:27Z","private_gists":0,"total_private_repos":6,"owned_private_repos":6,"disk_usage":304410,"collaborators":0,"two_factor_authentication":false,"plan":{"name":"free","space":976562499,"collaborators":0,"private_repos":10000}}
[info] 
[info] +  Success! Logged into GitHub as apoorva-sapra 
[info] 
